<?xml version="1.0" encoding="UTF-8"?>
<!-- Generated by org.testng.reporters.JUnitXMLReporter -->
<testsuite ignored="0" hostname="ELW5199" failures="0" tests="4" name="Default test" time="28.586" errors="0" timestamp="26 Sep 2022 18:29:07 GMT">
  <testcase classname="testng.TestNgExample" name="login" time="18.71"/>
  <testcase classname="testng.TestNgExample" name="search" time="3.89"/>
  <testcase classname="testng.TestNgExample" name="apply" time="3.839"/>
  <testcase classname="testng.TestNgExample" name="logout" time="2.116"/>
</testsuite> <!-- Default test -->
