<?xml version="1.0" encoding="UTF-8"?>
<testng-results ignored="0" total="4" passed="4" failed="0" skipped="0">
  <reporter-output>
  </reporter-output>
  <suite started-at="2022-09-26T18:28:39Z" name="Default suite" finished-at="2022-09-26T18:29:07Z" duration-ms="28586">
    <groups>
    </groups>
    <test started-at="2022-09-26T18:28:39Z" name="Default test" finished-at="2022-09-26T18:29:07Z" duration-ms="28586">
      <class name="testng.TestNgExample">
        <test-method signature="login()[pri:0, instance:testng.TestNgExample@3561c410]" started-at="2022-09-26T18:28:39Z" name="login" finished-at="2022-09-26T18:28:57Z" duration-ms="18710" status="PASS">
          <reporter-output>
          </reporter-output>
        </test-method> <!-- login -->
        <test-method signature="search()[pri:1, instance:testng.TestNgExample@3561c410]" started-at="2022-09-26T18:28:57Z" name="search" finished-at="2022-09-26T18:29:01Z" duration-ms="3890" status="PASS">
          <reporter-output>
          </reporter-output>
        </test-method> <!-- search -->
        <test-method signature="apply()[pri:2, instance:testng.TestNgExample@3561c410]" started-at="2022-09-26T18:29:01Z" name="apply" finished-at="2022-09-26T18:29:05Z" duration-ms="3839" status="PASS">
          <reporter-output>
          </reporter-output>
        </test-method> <!-- apply -->
        <test-method signature="logout()[pri:3, instance:testng.TestNgExample@3561c410]" started-at="2022-09-26T18:29:05Z" name="logout" finished-at="2022-09-26T18:29:07Z" duration-ms="2116" status="PASS">
          <reporter-output>
          </reporter-output>
        </test-method> <!-- logout -->
      </class> <!-- testng.TestNgExample -->
    </test> <!-- Default test -->
  </suite> <!-- Default suite -->
</testng-results>
